<?xml version="1.0" encoding="UTF-8"?>
<!-- Generated by org.testng.reporters.JUnitReportReporter -->
<testsuite hostname="DESKTOP-72RI81C" failures="0" tests="1" name="test.Holidify_Test" time="11.307" errors="0" timestamp="2024-04-05T13:04:44 IST" skipped="0">
  <testcase classname="test.Holidify_Test" name="testt" time="11.307"/>
</testsuite> <!-- test.Holidify_Test -->
